Build started 8/5/2016 11:41:55 AM.
     1>Project "C:\Users\155129R\Downloads\GDTYEAR2\Programming Physics\DM2212_Framework_ProgrammingPhysics\Base\Base.vcxproj" on node 2 (Build target(s)).
     1>ClCompile:
         C:\Program Files (x86)\Microsoft Visual Studio 12.0\VC\bin\CL.exe /c /I"C:\Users\155129R\Downloads\GDTYEAR2\Programming Physics\DM2212_Framework_ProgrammingPhysics\/Common/Source" /I"C:\Users\155129R\Downloads\GDTYEAR2\Programming Physics\DM2212_Framework_ProgrammingPhysics\/glew/include" /I"C:\Users\155129R\Downloads\GDTYEAR2\Programming Physics\DM2212_Framework_ProgrammingPhysics\/glfw/include" /ZI /nologo /W3 /WX- /Od /Oy- /D _VARIADIC_MAX=10 /D WIN32 /D _DEBUG /D _CONSOLE /D _UNICODE /D UNICODE /Gm /EHsc /RTC1 /MDd /GS /fp:precise /Zc:wchar_t /Zc:forScope /Fo"Debug\\" /Fd"Debug\vc120.pdb" /Gd /TP /analyze- /errorReport:prompt Source\SceneAssignment2.cpp
         SceneAssignment2.cpp
     1>c:\users\155129r\downloads\gdtyear2\programming physics\dm2212_framework_programmingphysics\base\source\sceneassignment2.cpp(30): warning C4305: 'argument' : truncation from 'double' to 'float'
     1>c:\users\155129r\downloads\gdtyear2\programming physics\dm2212_framework_programmingphysics\base\source\sceneassignment2.cpp(66): warning C4244: 'argument' : conversion from 'int' to 'float', possible loss of data
     1>c:\users\155129r\downloads\gdtyear2\programming physics\dm2212_framework_programmingphysics\base\source\sceneassignment2.cpp(71): warning C4244: 'argument' : conversion from 'double' to 'float', possible loss of data
     1>c:\users\155129r\downloads\gdtyear2\programming physics\dm2212_framework_programmingphysics\base\source\sceneassignment2.cpp(73): warning C4244: 'argument' : conversion from 'double' to 'float', possible loss of data
     1>c:\users\155129r\downloads\gdtyear2\programming physics\dm2212_framework_programmingphysics\base\source\sceneassignment2.cpp(88): warning C4244: 'argument' : conversion from 'int' to 'float', possible loss of data
     1>c:\users\155129r\downloads\gdtyear2\programming physics\dm2212_framework_programmingphysics\base\source\sceneassignment2.cpp(99): warning C4244: 'argument' : conversion from 'double' to 'float', possible loss of data
     1>c:\users\155129r\downloads\gdtyear2\programming physics\dm2212_framework_programmingphysics\base\source\sceneassignment2.cpp(102): warning C4244: 'argument' : conversion from 'double' to 'float', possible loss of data
     1>c:\users\155129r\downloads\gdtyear2\programming physics\dm2212_framework_programmingphysics\base\source\sceneassignment2.cpp(107): warning C4244: 'argument' : conversion from 'double' to 'float', possible loss of data
     1>c:\users\155129r\downloads\gdtyear2\programming physics\dm2212_framework_programmingphysics\base\source\sceneassignment2.cpp(113): warning C4244: 'argument' : conversion from 'double' to 'float', possible loss of data
     1>c:\users\155129r\downloads\gdtyear2\programming physics\dm2212_framework_programmingphysics\base\source\sceneassignment2.cpp(162): warning C4244: 'argument' : conversion from 'int' to 'float', possible loss of data
     1>c:\users\155129r\downloads\gdtyear2\programming physics\dm2212_framework_programmingphysics\base\source\sceneassignment2.cpp(178): warning C4244: 'argument' : conversion from 'int' to 'float', possible loss of data
     1>c:\users\155129r\downloads\gdtyear2\programming physics\dm2212_framework_programmingphysics\base\source\sceneassignment2.cpp(338): warning C4800: 'float' : forcing value to bool 'true' or 'false' (performance warning)
     1>c:\users\155129r\downloads\gdtyear2\programming physics\dm2212_framework_programmingphysics\base\source\sceneassignment2.cpp(339): warning C4804: '>' : unsafe use of type 'bool' in operation
     1>c:\users\155129r\downloads\gdtyear2\programming physics\dm2212_framework_programmingphysics\base\source\sceneassignment2.cpp(361): warning C4800: 'float' : forcing value to bool 'true' or 'false' (performance warning)
     1>c:\users\155129r\downloads\gdtyear2\programming physics\dm2212_framework_programmingphysics\base\source\sceneassignment2.cpp(362): warning C4804: '>' : unsafe use of type 'bool' in operation
     1>c:\users\155129r\downloads\gdtyear2\programming physics\dm2212_framework_programmingphysics\base\source\sceneassignment2.cpp(391): warning C4244: 'argument' : conversion from 'double' to 'float', possible loss of data
     1>c:\users\155129r\downloads\gdtyear2\programming physics\dm2212_framework_programmingphysics\base\source\sceneassignment2.cpp(401): warning C4244: 'argument' : conversion from 'double' to 'float', possible loss of data
     1>c:\users\155129r\downloads\gdtyear2\programming physics\dm2212_framework_programmingphysics\base\source\sceneassignment2.cpp(402): warning C4244: 'argument' : conversion from 'double' to 'float', possible loss of data
     1>c:\users\155129r\downloads\gdtyear2\programming physics\dm2212_framework_programmingphysics\base\source\sceneassignment2.cpp(428): warning C4244: 'argument' : conversion from 'double' to 'float', possible loss of data
     1>c:\users\155129r\downloads\gdtyear2\programming physics\dm2212_framework_programmingphysics\base\source\sceneassignment2.cpp(438): warning C4244: 'argument' : conversion from 'double' to 'float', possible loss of data
     1>c:\users\155129r\downloads\gdtyear2\programming physics\dm2212_framework_programmingphysics\base\source\sceneassignment2.cpp(439): warning C4244: 'argument' : conversion from 'double' to 'float', possible loss of data
     1>c:\users\155129r\downloads\gdtyear2\programming physics\dm2212_framework_programmingphysics\base\source\sceneassignment2.cpp(461): warning C4244: 'argument' : conversion from 'double' to 'float', possible loss of data
     1>c:\users\155129r\downloads\gdtyear2\programming physics\dm2212_framework_programmingphysics\base\source\sceneassignment2.cpp(471): warning C4244: 'argument' : conversion from 'double' to 'float', possible loss of data
     1>c:\users\155129r\downloads\gdtyear2\programming physics\dm2212_framework_programmingphysics\base\source\sceneassignment2.cpp(472): warning C4244: 'argument' : conversion from 'double' to 'float', possible loss of data
     1>c:\users\155129r\downloads\gdtyear2\programming physics\dm2212_framework_programmingphysics\base\source\sceneassignment2.cpp(554): warning C4305: 'argument' : truncation from 'double' to 'float'
     1>c:\users\155129r\downloads\gdtyear2\programming physics\dm2212_framework_programmingphysics\base\source\sceneassignment2.cpp(761): warning C4244: 'argument' : conversion from 'double' to 'float', possible loss of data
     1>c:\users\155129r\downloads\gdtyear2\programming physics\dm2212_framework_programmingphysics\base\source\sceneassignment2.cpp(805): warning C4244: 'argument' : conversion from 'int' to 'float', possible loss of data
     1>c:\users\155129r\downloads\gdtyear2\programming physics\dm2212_framework_programmingphysics\base\source\sceneassignment2.cpp(977): warning C4244: 'argument' : conversion from 'double' to 'float', possible loss of data
     1>c:\users\155129r\downloads\gdtyear2\programming physics\dm2212_framework_programmingphysics\base\source\sceneassignment2.cpp(984): warning C4244: 'argument' : conversion from 'double' to 'float', possible loss of data
     1>c:\users\155129r\downloads\gdtyear2\programming physics\dm2212_framework_programmingphysics\base\source\sceneassignment2.cpp(1092): warning C4244: 'argument' : conversion from 'double' to 'float', possible loss of data
     1>c:\users\155129r\downloads\gdtyear2\programming physics\dm2212_framework_programmingphysics\base\source\sceneassignment2.cpp(1103): warning C4244: 'argument' : conversion from 'double' to 'float', possible loss of data
     1>c:\users\155129r\downloads\gdtyear2\programming physics\dm2212_framework_programmingphysics\base\source\sceneassignment2.cpp(326): warning C4715: 'SceneAssignment2::CheckCollision' : not all control paths return a value
       Link:
         C:\Program Files (x86)\Microsoft Visual Studio 12.0\VC\bin\link.exe /ERRORREPORT:PROMPT /OUT:"C:\Users\155129R\Downloads\GDTYEAR2\Programming Physics\DM2212_Framework_ProgrammingPhysics\Debug\Base.exe" /INCREMENTAL:NO /NOLOGO /LIBPATH:"C:\Users\155129R\Downloads\GDTYEAR2\Programming Physics\DM2212_Framework_ProgrammingPhysics\Debug" /LIBPATH:"C:\Users\155129R\Downloads\GDTYEAR2\Programming Physics\DM2212_Framework_ProgrammingPhysics\/glfw/lib-msvc100" /LIBPATH:"C:\Users\155129R\Downloads\GDTYEAR2\Programming Physics\DM2212_Framework_ProgrammingPhysics\/glew/lib" Common.lib winmm.lib opengl32.lib glu32.lib glew32.lib glfw3.lib kernel32.lib user32.lib gdi32.lib winspool.lib comdlg32.lib advapi32.lib shell32.lib ole32.lib oleaut32.lib uuid.lib odbc32.lib odbccp32.lib /MANIFEST /MANIFESTUAC:"level='asInvoker' uiAccess='false'" /manifest:embed /DEBUG /PDB:"C:\Users\155129R\Downloads\GDTYEAR2\Programming Physics\DM2212_Framework_ProgrammingPhysics\Debug\Base.pdb" /SUBSYSTEM:CONSOLE /TLBID:1 /DYNAMICBASE /NXCOMPAT /IMPLIB:"C:\Users\155129R\Downloads\GDTYEAR2\Programming Physics\DM2212_Framework_ProgrammingPhysics\Debug\Base.lib" /MACHINE:X86 Debug\Application.obj
         Debug\Camera.obj
         Debug\Enemy.obj
         Debug\GameObject.obj
         Debug\LoadOBJ.obj
         Debug\LoadTGA.obj
         Debug\main.obj
         Debug\Mesh.obj
         Debug\MeshBuilder.obj
         Debug\SceneAssigment1.obj
         Debug\SceneAssignment2.obj
         Debug\SceneAsteroid.obj
         Debug\SceneBase.obj
         Debug\SceneCollision.obj
         Debug\SceneKinematics.obj
         Debug\shader.obj
         Debug\Utility.obj
     1>Application.obj : warning LNK4075: ignoring '/EDITANDCONTINUE' due to '/OPT:LBR' specification
     1>LINK : warning LNK4098: defaultlib 'MSVCRT' conflicts with use of other libs; use /NODEFAULTLIB:library
         Base.vcxproj -> C:\Users\155129R\Downloads\GDTYEAR2\Programming Physics\DM2212_Framework_ProgrammingPhysics\Debug\Base.exe
     1>Done Building Project "C:\Users\155129R\Downloads\GDTYEAR2\Programming Physics\DM2212_Framework_ProgrammingPhysics\Base\Base.vcxproj" (Build target(s)).

Build succeeded.

Time Elapsed 00:00:01.46
