d:\tsl_documents\dm2210 advanced computer graphics\debug\new folder\dm2231_framework\common\debug\mathutility.obj
d:\tsl_documents\dm2210 advanced computer graphics\debug\new folder\dm2231_framework\common\debug\matrixstack.obj
d:\tsl_documents\dm2210 advanced computer graphics\debug\new folder\dm2231_framework\common\debug\mtx44.obj
d:\tsl_documents\dm2210 advanced computer graphics\debug\new folder\dm2231_framework\common\debug\timer.obj
d:\tsl_documents\dm2210 advanced computer graphics\debug\new folder\dm2231_framework\common\debug\vector2.obj
d:\tsl_documents\dm2210 advanced computer graphics\debug\new folder\dm2231_framework\common\debug\vector3.obj
d:\tsl_documents\dm2210 advanced computer graphics\debug\new folder\dm2231_framework\common\debug\vc100.pdb
d:\tsl_documents\dm2210 advanced computer graphics\dm2210 2016s1 notes\dm2231_framework\common\debug\mathutility.obj
d:\tsl_documents\dm2210 advanced computer graphics\dm2210 2016s1 notes\dm2231_framework\common\debug\matrixstack.obj
d:\tsl_documents\dm2210 advanced computer graphics\dm2210 2016s1 notes\dm2231_framework\common\debug\mtx44.obj
d:\tsl_documents\dm2210 advanced computer graphics\dm2210 2016s1 notes\dm2231_framework\common\debug\timer.obj
d:\tsl_documents\dm2210 advanced computer graphics\dm2210 2016s1 notes\dm2231_framework\common\debug\vector2.obj
d:\tsl_documents\dm2210 advanced computer graphics\dm2210 2016s1 notes\dm2231_framework\common\debug\vector3.obj
d:\tsl_documents\dm2210 advanced computer graphics\dm2210 2016s1 notes\dm2231_framework\common\debug\vc100.pdb
d:\tsl_documents\dm2210 advanced computer graphics\debug\new folder\dm2231_framework\debug\common.lib
d:\tsl_documents\dm2210 advanced computer graphics\dm2210 2016s1 notes\dm2231_framework\debug\common.lib
d:\tsl_documents\dm2210 advanced computer graphics\dm2210 2016s1 notes\dm2231_framework\common\debug\vc120.pdb
d:\tsl_documents\dm2210 advanced computer graphics\dm2210 2016s1 notes\dm2231_framework\common\debug\vc120.idb
d:\tsl_documents\dm2210 advanced computer graphics\dm2210 2016s1 notes\dm2231_framework\common\debug\common.vcxprojresolveassemblyreference.cache
d:\tsl_documents\dm2210 advanced computer graphics\dm2210 2016s1 notes\dm2231_framework\common\debug\cl.command.1.tlog
d:\tsl_documents\dm2210 advanced computer graphics\dm2210 2016s1 notes\dm2231_framework\common\debug\cl.read.1.tlog
d:\tsl_documents\dm2210 advanced computer graphics\dm2210 2016s1 notes\dm2231_framework\common\debug\cl.write.1.tlog
d:\tsl_documents\dm2210 advanced computer graphics\dm2210 2016s1 notes\dm2231_framework\common\debug\common.write.1.tlog
d:\tsl_documents\dm2210 advanced computer graphics\dm2210 2016s1 notes\dm2231_framework\common\debug\lib-link.read.1.tlog
d:\tsl_documents\dm2210 advanced computer graphics\dm2210 2016s1 notes\dm2231_framework\common\debug\lib-link.write.1.tlog
d:\tsl_documents\dm2210 advanced computer graphics\dm2210 2016s1 notes\dm2231_framework\common\debug\lib.command.1.tlog
d:\tsl_documents\dm2210 advanced computer graphics\dm2210 2016s1 notes\dm2231_framework\common\debug\vc100.idb
d:\tsl_documents\dm2210 advanced computer graphics\dm2210 2016s1 notes\dm2231_framework\common\debug\common.tlog\cl.command.1.tlog
d:\tsl_documents\dm2210 advanced computer graphics\dm2210 2016s1 notes\dm2231_framework\common\debug\common.tlog\cl.read.1.tlog
d:\tsl_documents\dm2210 advanced computer graphics\dm2210 2016s1 notes\dm2231_framework\common\debug\common.tlog\cl.write.1.tlog
d:\tsl_documents\dm2210 advanced computer graphics\dm2210 2016s1 notes\dm2231_framework\common\debug\common.tlog\lib-link.read.1.tlog
d:\tsl_documents\dm2210 advanced computer graphics\dm2210 2016s1 notes\dm2231_framework\common\debug\common.tlog\lib-link.write.1.tlog
d:\tsl_documents\dm2210 advanced computer graphics\dm2210 2016s1 notes\dm2231_framework\common\debug\common.tlog\lib.command.1.tlog
